<?xml version="1.0" encoding="UTF-8"?>
<!-- Generated by org.testng.reporters.JUnitReportReporter -->
<testsuite hostname="DESKTOP-IKH2BOV" name="datadrivenFramework.DataProviderInTheSameClass" tests="2" failures="0" timestamp="14 Jun 2019 17:21:47 GMT" time="0.026" errors="0">
  <testcase name="testMethod" time="0.024" classname="datadrivenFramework.DataProviderInTheSameClass"/>
  <testcase name="testMethod" time="0.002" classname="datadrivenFramework.DataProviderInTheSameClass"/>
</testsuite> <!-- datadrivenFramework.DataProviderInTheSameClass -->
