<?xml version="1.0" encoding="UTF-8"?>
<!-- Generated by org.testng.reporters.JUnitReportReporter -->
<testsuite hostname="DESKTOP-IKH2BOV" name="excel_ReadWrite.Registration" tests="1" failures="0" timestamp="10 Jun 2019 18:43:14 GMT" time="41.354" errors="0">
  <testcase name="EnterRegDetails" time="41.354" classname="excel_ReadWrite.Registration"/>
</testsuite> <!-- excel_ReadWrite.Registration -->
