<?xml version="1.0" encoding="UTF-8"?>
<!-- Generated by org.testng.reporters.JUnitReportReporter -->
<testsuite hostname="DESKTOP-IKH2BOV" name="seleniumPrograms.TestNGsample" tests="1" failures="0" timestamp="10 Jun 2019 18:32:50 GMT" time="10.625" errors="0">
  <testcase name="myTestMethod" time="10.625" classname="seleniumPrograms.TestNGsample"/>
</testsuite> <!-- seleniumPrograms.TestNGsample -->
