<?xml version="1.0" encoding="UTF-8"?>
<!-- Generated by org.testng.reporters.JUnitReportReporter -->
<testsuite hostname="DESKTOP-IKH2BOV" name="com.excel.utility.ReadFromExcelTest" tests="1" failures="0" timestamp="7 Jun 2019 17:33:05 GMT" time="1.211" errors="0">
  <testcase name="fbLoginLogout" time="1.211" classname="com.excel.utility.ReadFromExcelTest"/>
</testsuite> <!-- com.excel.utility.ReadFromExcelTest -->
