<?xml version="1.0" encoding="UTF-8"?>
<!-- Generated by org.testng.reporters.JUnitReportReporter -->
<testsuite hostname="DESKTOP-IKH2BOV" name="titleTest.PopupAlertsCheck" tests="1" failures="0" timestamp="23 Jun 2019 01:44:44 GMT" time="0.018" errors="0">
  <testcase name="popupcheck" time="0.018" classname="titleTest.PopupAlertsCheck"/>
</testsuite> <!-- titleTest.PopupAlertsCheck -->
