<?xml version="1.0" encoding="UTF-8"?>
<!-- Generated by org.testng.reporters.JUnitReportReporter -->
<testsuite hostname="DESKTOP-IKH2BOV" name="seleniumPrograms.TestNGsample" tests="1" failures="0" timestamp="2 Jun 2019 02:50:25 GMT" time="22.239" errors="0">
  <testcase name="myTestMethod" time="22.239" classname="seleniumPrograms.TestNGsample"/>
</testsuite> <!-- seleniumPrograms.TestNGsample -->
